0 verbose cli /data/data/com.termux/files/usr/bin/node /data/data/com.termux/files/usr/bin/npm
1 info using npm@11.6.2
2 info using node@v24.12.0
3 silly config load:file:/data/data/com.termux/files/usr/lib/node_modules/npm/npmrc
4 silly config load:file:/data/data/com.termux/files/home/.npmrc
5 silly config load:file:/data/data/com.termux/files/usr/etc/npmrc
6 verbose title npm install
7 verbose argv "install" "--cache" "/data/data/com.termux/files/home/.npm-cache" "--prefer-offline"
8 verbose logfile logs-max:10 dir:/data/data/com.termux/files/home/.npm-cache/_logs/2026-01-01T10_26_23_719Z-
9 verbose logfile /data/data/com.termux/files/home/.npm-cache/_logs/2026-01-01T10_26_23_719Z-debug-0.log
10 silly logfile done cleaning log files
11 silly packumentCache heap:1174405120 maxSize:293601280 maxEntrySize:146800640
12 silly idealTree buildDeps
13 silly fetch manifest next@14.2.3
14 silly packumentCache full:https://registry.npmjs.org/next cache-miss
15 http fetch GET 200 https://registry.npmjs.org/next 9575ms (cache miss)
16 silly packumentCache full:https://registry.npmjs.org/next set size:undefined disposed:false
17 silly fetch manifest @opentelemetry/api@^1.1.0
18 silly packumentCache full:https://registry.npmjs.org/@opentelemetry%2fapi cache-miss
19 http fetch GET 200 https://registry.npmjs.org/@opentelemetry%2fapi 18438ms (cache miss)
20 silly packumentCache full:https://registry.npmjs.org/@opentelemetry%2fapi set size:undefined disposed:false
21 silly fetch manifest @playwright/test@^1.41.2
22 silly packumentCache full:https://registry.npmjs.org/@playwright%2ftest cache-miss
23 http fetch GET 200 https://registry.npmjs.org/@playwright%2ftest 7768ms (cache miss)
24 silly packumentCache full:https://registry.npmjs.org/@playwright%2ftest set size:undefined disposed:false
25 silly fetch manifest react@18.2.0
26 silly packumentCache full:https://registry.npmjs.org/react cache-miss
27 http fetch GET 200 https://registry.npmjs.org/react 39685ms (cache miss)
28 silly packumentCache full:https://registry.npmjs.org/react set size:undefined disposed:false
29 silly fetch manifest react-dom@18.2.0
30 silly packumentCache full:https://registry.npmjs.org/react-dom cache-miss
31 http fetch GET 200 https://registry.npmjs.org/react-dom 70573ms (cache miss)
32 silly packumentCache full:https://registry.npmjs.org/react-dom set size:undefined disposed:false
33 silly fetch manifest sass@^1.3.0
34 silly packumentCache full:https://registry.npmjs.org/sass cache-miss
35 http fetch GET 200 https://registry.npmjs.org/sass 9401ms (cache miss)
36 silly packumentCache full:https://registry.npmjs.org/sass set size:undefined disposed:false
37 silly fetch manifest typescript@5.6.3
38 silly packumentCache full:https://registry.npmjs.org/typescript cache-miss
