0 verbose cli /data/data/com.termux/files/usr/bin/node /data/data/com.termux/files/usr/lib/node_modules/npm/bin/npm-cli.js
1 info using npm@11.6.2
2 info using node@v25.2.1
3 silly config load:file:/data/data/com.termux/files/usr/lib/node_modules/npm/npmrc
4 silly config load:file:/data/data/com.termux/files/home/aidag-site/.npmrc
5 silly config load:file:/data/data/com.termux/files/home/.npmrc
6 silly config load:file:/data/data/com.termux/files/usr/etc/npmrc
7 verbose title npm exec tailwindcss init -p
8 verbose argv "exec" "--" "tailwindcss" "init" "-p"
9 verbose logfile logs-max:10 dir:/data/data/com.termux/files/home/.npm/_logs/2025-12-23T15_01_28_086Z-
10 verbose logfile /data/data/com.termux/files/home/.npm/_logs/2025-12-23T15_01_28_086Z-debug-0.log
11 silly logfile start cleaning logs, removing 1 files
12 silly logfile done cleaning log files
13 silly packumentCache heap:1174405120 maxSize:293601280 maxEntrySize:146800640
14 verbose stack Error: could not determine executable to run
14 verbose stack     at getBinFromManifest (/data/data/com.termux/files/usr/lib/node_modules/npm/node_modules/libnpmexec/lib/get-bin-from-manifest.js:17:23)
14 verbose stack     at exec (/data/data/com.termux/files/usr/lib/node_modules/npm/node_modules/libnpmexec/lib/index.js:206:15)
14 verbose stack     at async Npm.exec (/data/data/com.termux/files/usr/lib/node_modules/npm/lib/npm.js:208:9)
14 verbose stack     at async module.exports (/data/data/com.termux/files/usr/lib/node_modules/npm/lib/cli/entry.js:60:5)
15 verbose pkgid tailwindcss@4.1.18
16 error could not determine executable to run
17 verbose cwd /data/data/com.termux/files/home/aidag-site
18 verbose os Linux 6.6.30-android15-8-g6b55ce738535-4k
19 verbose node v25.2.1
20 verbose npm  v11.6.2
21 verbose exit 1
22 verbose code 1
23 error A complete log of this run can be found in: /data/data/com.termux/files/home/.npm/_logs/2025-12-23T15_01_28_086Z-debug-0.log
