0 verbose cli /data/data/com.termux/files/usr/bin/node /data/data/com.termux/files/usr/bin/npm
1 info using npm@11.6.2
2 info using node@v25.2.1
3 silly config load:file:/data/data/com.termux/files/usr/lib/node_modules/npm/npmrc
4 silly config load:file:/data/data/com.termux/files/home/aidag-site/.npmrc
5 silly config load:file:/data/data/com.termux/files/home/.npmrc
6 silly config load:file:/data/data/com.termux/files/usr/etc/npmrc
7 verbose title npm install tailwindcss postcss autoprefixer
8 verbose argv "install" "--save-dev" "tailwindcss" "postcss" "autoprefixer"
9 verbose logfile logs-max:10 dir:/data/data/com.termux/files/home/.npm/_logs/2025-12-23T15_01_16_605Z-
10 verbose logfile /data/data/com.termux/files/home/.npm/_logs/2025-12-23T15_01_16_605Z-debug-0.log
11 silly logfile start cleaning logs, removing 2 files
12 silly packumentCache heap:1174405120 maxSize:293601280 maxEntrySize:146800640
13 silly logfile done cleaning log files
14 silly idealTree buildDeps
15 silly fetch manifest tailwindcss@*
16 silly packumentCache full:https://registry.npmjs.org/tailwindcss cache-miss
17 verbose shrinkwrap failed to load node_modules/.package-lock.json out of date, updated: node_modules/next
18 http fetch GET 200 https://registry.npmjs.org/tailwindcss 1232ms (cache miss)
19 silly packumentCache full:https://registry.npmjs.org/tailwindcss set size:undefined disposed:false
20 silly fetch manifest postcss@*
21 silly packumentCache full:https://registry.npmjs.org/postcss cache-miss
22 http fetch GET 200 https://registry.npmjs.org/postcss 202ms (cache revalidated)
23 silly packumentCache full:https://registry.npmjs.org/postcss set size:696248 disposed:false
24 silly fetch manifest autoprefixer@*
25 silly packumentCache full:https://registry.npmjs.org/autoprefixer cache-miss
26 http fetch GET 200 https://registry.npmjs.org/autoprefixer 367ms (cache miss)
27 silly packumentCache full:https://registry.npmjs.org/autoprefixer set size:undefined disposed:false
28 silly placeDep ROOT autoprefixer@10.4.23 OK for: aidag-site@0.1.0 want: *
29 silly placeDep ROOT postcss@8.5.6 REPLACE for: aidag-site@0.1.0 want: *
30 silly placeDep ROOT tailwindcss@4.1.18 OK for: aidag-site@0.1.0 want: *
31 silly fetch manifest browserslist@^4.28.1
32 silly packumentCache full:https://registry.npmjs.org/browserslist cache-miss
33 silly fetch manifest fraction.js@^5.3.4
34 silly packumentCache full:https://registry.npmjs.org/fraction.js cache-miss
35 silly fetch manifest postcss-value-parser@^4.2.0
36 silly packumentCache full:https://registry.npmjs.org/postcss-value-parser cache-miss
37 http fetch GET 200 https://registry.npmjs.org/browserslist 169ms (cache miss)
38 silly packumentCache full:https://registry.npmjs.org/browserslist set size:undefined disposed:false
39 http fetch GET 200 https://registry.npmjs.org/postcss-value-parser 676ms (cache miss)
40 silly packumentCache full:https://registry.npmjs.org/postcss-value-parser set size:undefined disposed:false
41 http fetch GET 200 https://registry.npmjs.org/fraction.js 710ms (cache miss)
42 silly packumentCache full:https://registry.npmjs.org/fraction.js set size:undefined disposed:false
43 silly placeDep ROOT browserslist@4.28.1 OK for: autoprefixer@10.4.23 want: ^4.28.1
44 silly placeDep ROOT fraction.js@5.3.4 OK for: autoprefixer@10.4.23 want: ^5.3.4
45 silly placeDep ROOT postcss-value-parser@4.2.0 OK for: autoprefixer@10.4.23 want: ^4.2.0
46 silly fetch manifest baseline-browser-mapping@^2.9.0
47 silly packumentCache full:https://registry.npmjs.org/baseline-browser-mapping cache-miss
48 silly fetch manifest electron-to-chromium@^1.5.263
49 silly packumentCache full:https://registry.npmjs.org/electron-to-chromium cache-miss
50 silly fetch manifest node-releases@^2.0.27
51 silly packumentCache full:https://registry.npmjs.org/node-releases cache-miss
52 silly fetch manifest update-browserslist-db@^1.2.0
53 silly packumentCache full:https://registry.npmjs.org/update-browserslist-db cache-miss
54 http fetch GET 200 https://registry.npmjs.org/update-browserslist-db 260ms (cache miss)
55 silly packumentCache full:https://registry.npmjs.org/update-browserslist-db set size:undefined disposed:false
56 http fetch GET 200 https://registry.npmjs.org/node-releases 329ms (cache miss)
57 silly packumentCache full:https://registry.npmjs.org/node-releases set size:undefined disposed:false
58 http fetch GET 200 https://registry.npmjs.org/electron-to-chromium 555ms (cache miss)
59 silly packumentCache full:https://registry.npmjs.org/electron-to-chromium set size:undefined disposed:false
60 http fetch GET 200 https://registry.npmjs.org/baseline-browser-mapping 709ms (cache revalidated)
61 silly packumentCache full:https://registry.npmjs.org/baseline-browser-mapping set size:356541 disposed:false
62 silly fetch manifest browserslist@>= 4.21.0
63 silly packumentCache full:https://registry.npmjs.org/browserslist cache-miss
64 http cache https://registry.npmjs.org/browserslist 14ms (cache hit)
65 silly packumentCache full:https://registry.npmjs.org/browserslist set size:502989 disposed:false
66 silly placeDep ROOT baseline-browser-mapping@2.9.11 OK for: browserslist@4.28.1 want: ^2.9.0
67 silly placeDep ROOT electron-to-chromium@1.5.267 OK for: browserslist@4.28.1 want: ^1.5.263
68 silly placeDep ROOT node-releases@2.0.27 OK for: browserslist@4.28.1 want: ^2.0.27
69 silly placeDep ROOT update-browserslist-db@1.2.3 OK for: browserslist@4.28.1 want: ^1.2.0
70 silly fetch manifest escalade@^3.2.0
71 silly packumentCache full:https://registry.npmjs.org/escalade cache-miss
72 http fetch GET 200 https://registry.npmjs.org/escalade 139ms (cache miss)
73 silly packumentCache full:https://registry.npmjs.org/escalade set size:undefined disposed:false
74 silly fetch manifest postcss@8.4.31
75 silly packumentCache full:https://registry.npmjs.org/postcss cache-hit
76 silly placeDep node_modules/next postcss@8.4.31 OK for: next@13.5.11 want: 8.4.31
77 silly placeDep ROOT escalade@3.2.0 OK for: update-browserslist-db@1.2.3 want: ^3.2.0
78 silly reify mark retired [ '/data/data/com.termux/files/home/aidag-site/node_modules/postcss' ]
79 silly reify moves {
79 silly reify   '/data/data/com.termux/files/home/aidag-site/node_modules/postcss': '/data/data/com.termux/files/home/aidag-site/node_modules/.postcss-pOXzTEPj'
79 silly reify }
80 silly audit bulk request {
80 silly audit   '@next/env': [ '13.5.11' ],
80 silly audit   '@next/swc-darwin-arm64': [ '13.5.9' ],
80 silly audit   '@next/swc-darwin-x64': [ '13.5.9' ],
80 silly audit   '@next/swc-linux-arm64-gnu': [ '13.5.9' ],
80 silly audit   '@next/swc-linux-arm64-musl': [ '13.5.9' ],
80 silly audit   '@next/swc-linux-x64-gnu': [ '13.5.9' ],
80 silly audit   '@next/swc-linux-x64-musl': [ '13.5.9' ],
80 silly audit   '@next/swc-win32-arm64-msvc': [ '13.5.9' ],
80 silly audit   '@next/swc-win32-ia32-msvc': [ '13.5.9' ],
80 silly audit   '@next/swc-win32-x64-msvc': [ '13.5.9' ],
80 silly audit   '@swc/helpers': [ '0.5.2' ],
80 silly audit   '@types/node': [ '25.0.3' ],
80 silly audit   '@types/react': [ '19.2.7' ],
80 silly audit   busboy: [ '1.6.0' ],
80 silly audit   'caniuse-lite': [ '1.0.30001761' ],
80 silly audit   'client-only': [ '0.0.1' ],
80 silly audit   csstype: [ '3.2.3' ],
80 silly audit   'glob-to-regexp': [ '0.4.1' ],
80 silly audit   'graceful-fs': [ '4.2.11' ],
80 silly audit   'js-tokens': [ '4.0.0' ],
80 silly audit   'loose-envify': [ '1.4.0' ],
80 silly audit   nanoid: [ '3.3.11' ],
80 silly audit   next: [ '13.5.11' ],
80 silly audit   picocolors: [ '1.1.1' ],
80 silly audit   react: [ '18.3.1' ],
80 silly audit   'react-dom': [ '18.3.1' ],
80 silly audit   scheduler: [ '0.23.2' ],
80 silly audit   'source-map-js': [ '1.2.1' ],
80 silly audit   streamsearch: [ '1.1.0' ],
80 silly audit   'styled-jsx': [ '5.1.1' ],
80 silly audit   tslib: [ '2.8.1' ],
80 silly audit   typescript: [ '5.9.3' ],
80 silly audit   'undici-types': [ '7.16.0' ],
80 silly audit   watchpack: [ '2.4.0' ],
80 silly audit   autoprefixer: [ '10.4.23' ],
80 silly audit   postcss: [ '8.5.6', '8.4.31' ],
80 silly audit   tailwindcss: [ '4.1.18' ],
80 silly audit   browserslist: [ '4.28.1' ],
80 silly audit   'fraction.js': [ '5.3.4' ],
80 silly audit   'postcss-value-parser': [ '4.2.0' ],
80 silly audit   'baseline-browser-mapping': [ '2.9.11' ],
80 silly audit   'electron-to-chromium': [ '1.5.267' ],
80 silly audit   'node-releases': [ '2.0.27' ],
80 silly audit   'update-browserslist-db': [ '1.2.3' ],
80 silly audit   escalade: [ '3.2.0' ]
80 silly audit }
81 http cache escalade@https://registry.npmjs.org/escalade/-/escalade-3.2.0.tgz 0ms (cache hit)
82 http cache update-browserslist-db@https://registry.npmjs.org/update-browserslist-db/-/update-browserslist-db-1.2.3.tgz 0ms (cache hit)
83 http cache node-releases@https://registry.npmjs.org/node-releases/-/node-releases-2.0.27.tgz 0ms (cache hit)
84 http cache electron-to-chromium@https://registry.npmjs.org/electron-to-chromium/-/electron-to-chromium-1.5.267.tgz 0ms (cache hit)
85 http cache baseline-browser-mapping@https://registry.npmjs.org/baseline-browser-mapping/-/baseline-browser-mapping-2.9.11.tgz 0ms (cache hit)
86 http cache postcss-value-parser@https://registry.npmjs.org/postcss-value-parser/-/postcss-value-parser-4.2.0.tgz 0ms (cache hit)
87 http cache fraction.js@https://registry.npmjs.org/fraction.js/-/fraction.js-5.3.4.tgz 0ms (cache hit)
88 http cache browserslist@https://registry.npmjs.org/browserslist/-/browserslist-4.28.1.tgz 0ms (cache hit)
89 http cache tailwindcss@https://registry.npmjs.org/tailwindcss/-/tailwindcss-4.1.18.tgz 0ms (cache hit)
90 http cache autoprefixer@https://registry.npmjs.org/autoprefixer/-/autoprefixer-10.4.23.tgz 0ms (cache hit)
91 http cache postcss@https://registry.npmjs.org/postcss/-/postcss-8.5.6.tgz 0ms (cache hit)
92 http cache postcss@https://registry.npmjs.org/postcss/-/postcss-8.4.31.tgz 0ms (cache hit)
93 silly tarball no local data for update-browserslist-db@https://registry.npmjs.org/update-browserslist-db/-/update-browserslist-db-1.2.3.tgz. Extracting by manifest.
94 silly tarball no local data for escalade@https://registry.npmjs.org/escalade/-/escalade-3.2.0.tgz. Extracting by manifest.
95 silly tarball no local data for node-releases@https://registry.npmjs.org/node-releases/-/node-releases-2.0.27.tgz. Extracting by manifest.
96 silly tarball no local data for electron-to-chromium@https://registry.npmjs.org/electron-to-chromium/-/electron-to-chromium-1.5.267.tgz. Extracting by manifest.
97 silly tarball no local data for postcss-value-parser@https://registry.npmjs.org/postcss-value-parser/-/postcss-value-parser-4.2.0.tgz. Extracting by manifest.
98 silly tarball no local data for fraction.js@https://registry.npmjs.org/fraction.js/-/fraction.js-5.3.4.tgz. Extracting by manifest.
99 silly tarball no local data for browserslist@https://registry.npmjs.org/browserslist/-/browserslist-4.28.1.tgz. Extracting by manifest.
100 silly tarball no local data for tailwindcss@https://registry.npmjs.org/tailwindcss/-/tailwindcss-4.1.18.tgz. Extracting by manifest.
101 silly tarball no local data for autoprefixer@https://registry.npmjs.org/autoprefixer/-/autoprefixer-10.4.23.tgz. Extracting by manifest.
102 silly tarball no local data for postcss@https://registry.npmjs.org/postcss/-/postcss-8.5.6.tgz. Extracting by manifest.
103 http fetch POST 200 https://registry.npmjs.org/-/npm/v1/security/advisories/bulk 358ms
104 silly audit report {
104 silly audit report   next: [
104 silly audit report     {
104 silly audit report       id: 1100421,
104 silly audit report       url: 'https://github.com/advisories/GHSA-g77x-44xx-532m',
104 silly audit report       title: 'Denial of Service condition in Next.js image optimization',
104 silly audit report       severity: 'moderate',
104 silly audit report       vulnerable_versions: '>=10.0.0 <14.2.7',
104 silly audit report       cwe: [Array],
104 silly audit report       cvss: [Object]
104 silly audit report     },
104 silly audit report     {
104 silly audit report       id: 1105461,
104 silly audit report       url: 'https://github.com/advisories/GHSA-3h52-269p-cp9r',
104 silly audit report       title: 'Information exposure in Next.js dev server due to lack of origin verification',
104 silly audit report       severity: 'low',
104 silly audit report       vulnerable_versions: '>=13.0 <14.2.30',
104 silly audit report       cwe: [Array],
104 silly audit report       cvss: [Object]
104 silly audit report     },
104 silly audit report     {
104 silly audit report       id: 1111391,
104 silly audit report       url: 'https://github.com/advisories/GHSA-mwv6-3258-q52c',
104 silly audit report       title: 'Next Vulnerable to Denial of Service with Server Components',
104 silly audit report       severity: 'high',
104 silly audit report       vulnerable_versions: '>=13.3.0 <14.2.34',
104 silly audit report       cwe: [Array],
104 silly audit report       cvss: [Object]
104 silly audit report     },
104 silly audit report     {
104 silly audit report       id: 1111461,
104 silly audit report       url: 'https://github.com/advisories/GHSA-5j59-xgg2-r9c4',
104 silly audit report       title: 'Next has a Denial of Service with Server Components - Incomplete Fix Follow-Up',
104 silly audit report       severity: 'high',
104 silly audit report       vulnerable_versions: '>=13.3.1-canary.0 <14.2.35',
104 silly audit report       cwe: [Array],
104 silly audit report       cvss: [Object]
104 silly audit report     },
104 silly audit report     {
104 silly audit report       id: 1107226,
104 silly audit report       url: 'https://github.com/advisories/GHSA-g5qg-72qw-gw5v',
104 silly audit report       title: 'Next.js Affected by Cache Key Confusion for Image Optimization API Routes',
104 silly audit report       severity: 'moderate',
104 silly audit report       vulnerable_versions: '>=0.9.9 <14.2.31',
104 silly audit report       cwe: [Array],
104 silly audit report       cvss: [Object]
104 silly audit report     },
104 silly audit report     {
104 silly audit report       id: 1107420,
104 silly audit report       url: 'https://github.com/advisories/GHSA-7gfc-8cq8-jh5f',
104 silly audit report       title: 'Next.js authorization bypass vulnerability',
104 silly audit report       severity: 'high',
104 silly audit report       vulnerable_versions: '>=9.5.5 <14.2.15',
104 silly audit report       cwe: [Array],
104 silly audit report       cvss: [Object]
104 silly audit report     },
104 silly audit report     {
104 silly audit report       id: 1107512,
104 silly audit report       url: 'https://github.com/advisories/GHSA-4342-x723-ch2f',
104 silly audit report       title: 'Next.js Improper Middleware Redirect Handling Leads to SSRF',
104 silly audit report       severity: 'moderate',
104 silly audit report       vulnerable_versions: '>=0.9.9 <14.2.32',
104 silly audit report       cwe: [Array],
104 silly audit report       cvss: [Object]
104 silly audit report     },
104 silly audit report     {
104 silly audit report       id: 1107513,
104 silly audit report       url: 'https://github.com/advisories/GHSA-xv57-4mr9-wg8v',
104 silly audit report       title: 'Next.js Content Injection Vulnerability for Image Optimization',
104 silly audit report       severity: 'moderate',
104 silly audit report       vulnerable_versions: '>=0.9.9 <14.2.31',
104 silly audit report       cwe: [Array],
104 silly audit report       cvss: [Object]
104 silly audit report     },
104 silly audit report     {
104 silly audit report       id: 1108291,
104 silly audit report       url: 'https://github.com/advisories/GHSA-qpjv-v59x-3qc4',
104 silly audit report       title: 'Next.js Race Condition to Cache Poisoning',
104 silly audit report       severity: 'low',
104 silly audit report       vulnerable_versions: '>=0.9.9 <14.2.24',
104 silly audit report       cwe: [Array],
104 silly audit report       cvss: [Object]
104 silly audit report     },
104 silly audit report     {
104 silly audit report       id: 1097295,
104 silly audit report       url: 'https://github.com/advisories/GHSA-fr5h-rqp8-mj6g',
104 silly audit report       title: 'Next.js Server-Side Request Forgery in Server Actions',
104 silly audit report       severity: 'high',
104 silly audit report       vulnerable_versions: '>=13.4.0 <14.1.1',
104 silly audit report       cwe: [Array],
104 silly audit report       cvss: [Object]
104 silly audit report     }
104 silly audit report   ]
104 silly audit report }
105 silly packumentCache corgi:https://registry.npmjs.org/next cache-miss
106 http fetch GET 200 https://registry.npmjs.org/update-browserslist-db/-/update-browserslist-db-1.2.3.tgz 439ms (cache miss)
107 http fetch GET 200 https://registry.npmjs.org/node-releases/-/node-releases-2.0.27.tgz 527ms (cache miss)
108 http fetch GET 200 https://registry.npmjs.org/escalade/-/escalade-3.2.0.tgz 579ms (cache miss)
109 http fetch GET 200 https://registry.npmjs.org/postcss-value-parser/-/postcss-value-parser-4.2.0.tgz 715ms (cache miss)
110 http fetch GET 200 https://registry.npmjs.org/browserslist/-/browserslist-4.28.1.tgz 712ms (cache miss)
111 http fetch GET 200 https://registry.npmjs.org/next 584ms (cache revalidated)
112 silly packumentCache corgi:https://registry.npmjs.org/next set size:23127871 disposed:false
113 http fetch GET 200 https://registry.npmjs.org/electron-to-chromium/-/electron-to-chromium-1.5.267.tgz 3297ms (cache miss)
114 http fetch GET 200 https://registry.npmjs.org/fraction.js/-/fraction.js-5.3.4.tgz 3359ms (cache miss)
115 http fetch GET 200 https://registry.npmjs.org/tailwindcss/-/tailwindcss-4.1.18.tgz 3461ms (cache miss)
116 http fetch GET 200 https://registry.npmjs.org/postcss/-/postcss-8.5.6.tgz 3485ms (cache miss)
117 http fetch GET 200 https://registry.npmjs.org/autoprefixer/-/autoprefixer-10.4.23.tgz 3565ms (cache miss)
118 silly ADD node_modules/escalade
119 silly ADD node_modules/update-browserslist-db
120 silly ADD node_modules/node-releases
121 silly ADD node_modules/electron-to-chromium
122 silly ADD node_modules/baseline-browser-mapping
123 silly ADD node_modules/postcss-value-parser
124 silly ADD node_modules/fraction.js
125 silly ADD node_modules/browserslist
126 silly ADD node_modules/tailwindcss
127 silly ADD node_modules/autoprefixer
128 silly CHANGE node_modules/postcss
129 silly ADD node_modules/next/node_modules/postcss
130 verbose cwd /data/data/com.termux/files/home/aidag-site
131 verbose os Linux 6.6.30-android15-8-g6b55ce738535-4k
132 verbose node v25.2.1
133 verbose npm  v11.6.2
134 verbose exit 0
135 info ok
