0 verbose cli /data/data/com.termux/files/usr/bin/node /data/data/com.termux/files/usr/bin/npm
1 info using npm@11.6.2
2 info using node@v24.12.0
3 silly config load:file:/data/data/com.termux/files/usr/lib/node_modules/npm/npmrc
4 silly config load:file:/data/data/com.termux/files/home/aidag-site/.npmrc
5 silly config load:file:/data/data/com.termux/files/home/.npmrc
6 silly config load:file:/data/data/com.termux/files/usr/etc/npmrc
7 verbose title npm install
8 verbose argv "install"
9 verbose logfile logs-max:10 dir:/data/data/com.termux/files/home/.npm/_logs/2026-01-01T15_35_17_209Z-
10 verbose logfile /data/data/com.termux/files/home/.npm/_logs/2026-01-01T15_35_17_209Z-debug-0.log
11 silly logfile start cleaning logs, removing 2 files
12 silly packumentCache heap:1174405120 maxSize:293601280 maxEntrySize:146800640
13 silly logfile done cleaning log files
14 silly idealTree buildDeps
15 silly reify moves {}
16 silly audit bulk request {
16 silly audit   '@alloc/quick-lru': [ '5.2.0' ],
16 silly audit   '@jridgewell/gen-mapping': [ '0.3.13' ],
16 silly audit   '@jridgewell/remapping': [ '2.3.5' ],
16 silly audit   '@jridgewell/resolve-uri': [ '3.1.2' ],
16 silly audit   '@jridgewell/sourcemap-codec': [ '1.5.5' ],
16 silly audit   '@jridgewell/trace-mapping': [ '0.3.31' ],
16 silly audit   '@next/env': [ '13.5.11' ],
16 silly audit   '@next/swc-darwin-arm64': [ '13.5.9' ],
16 silly audit   '@next/swc-darwin-x64': [ '13.5.9' ],
16 silly audit   '@next/swc-linux-arm64-gnu': [ '13.5.9' ],
16 silly audit   '@next/swc-linux-arm64-musl': [ '13.5.9' ],
16 silly audit   '@next/swc-linux-x64-gnu': [ '13.5.9' ],
16 silly audit   '@next/swc-linux-x64-musl': [ '13.5.9' ],
16 silly audit   '@next/swc-win32-arm64-msvc': [ '13.5.9' ],
16 silly audit   '@next/swc-win32-ia32-msvc': [ '13.5.9' ],
16 silly audit   '@next/swc-win32-x64-msvc': [ '13.5.9' ],
16 silly audit   '@swc/helpers': [ '0.5.2' ],
16 silly audit   '@tailwindcss/node': [ '4.1.18' ],
16 silly audit   '@tailwindcss/oxide': [ '4.1.18' ],
16 silly audit   '@tailwindcss/oxide-android-arm64': [ '4.1.18' ],
16 silly audit   '@tailwindcss/oxide-darwin-arm64': [ '4.1.18' ],
16 silly audit   '@tailwindcss/oxide-darwin-x64': [ '4.1.18' ],
16 silly audit   '@tailwindcss/oxide-freebsd-x64': [ '4.1.18' ],
16 silly audit   '@tailwindcss/oxide-linux-arm-gnueabihf': [ '4.1.18' ],
16 silly audit   '@tailwindcss/oxide-linux-arm64-gnu': [ '4.1.18' ],
16 silly audit   '@tailwindcss/oxide-linux-arm64-musl': [ '4.1.18' ],
16 silly audit   '@tailwindcss/oxide-linux-x64-gnu': [ '4.1.18' ],
16 silly audit   '@tailwindcss/oxide-linux-x64-musl': [ '4.1.18' ],
16 silly audit   '@tailwindcss/oxide-wasm32-wasi': [ '4.1.18' ],
16 silly audit   '@tailwindcss/oxide-win32-arm64-msvc': [ '4.1.18' ],
16 silly audit   '@tailwindcss/oxide-win32-x64-msvc': [ '4.1.18' ],
16 silly audit   '@tailwindcss/postcss': [ '4.1.18' ],
16 silly audit   '@types/node': [ '25.0.3' ],
16 silly audit   '@types/react': [ '19.2.7' ],
16 silly audit   autoprefixer: [ '10.4.23' ],
16 silly audit   'baseline-browser-mapping': [ '2.9.11' ],
16 silly audit   browserslist: [ '4.28.1' ],
16 silly audit   busboy: [ '1.6.0' ],
16 silly audit   'caniuse-lite': [ '1.0.30001761' ],
16 silly audit   'client-only': [ '0.0.1' ],
16 silly audit   csstype: [ '3.2.3' ],
16 silly audit   'detect-libc': [ '2.1.2' ],
16 silly audit   'electron-to-chromium': [ '1.5.267' ],
16 silly audit   'enhanced-resolve': [ '5.18.4' ],
16 silly audit   escalade: [ '3.2.0' ],
16 silly audit   'fraction.js': [ '5.3.4' ],
16 silly audit   'glob-to-regexp': [ '0.4.1' ],
16 silly audit   'graceful-fs': [ '4.2.11' ],
16 silly audit   jiti: [ '2.6.1' ],
16 silly audit   'js-tokens': [ '4.0.0' ],
16 silly audit   lightningcss: [ '1.30.2' ],
16 silly audit   'lightningcss-android-arm64': [ '1.30.2' ],
16 silly audit   'lightningcss-darwin-arm64': [ '1.30.2' ],
16 silly audit   'lightningcss-darwin-x64': [ '1.30.2' ],
16 silly audit   'lightningcss-freebsd-x64': [ '1.30.2' ],
16 silly audit   'lightningcss-linux-arm-gnueabihf': [ '1.30.2' ],
16 silly audit   'lightningcss-linux-arm64-gnu': [ '1.30.2' ],
16 silly audit   'lightningcss-linux-arm64-musl': [ '1.30.2' ],
16 silly audit   'lightningcss-linux-x64-gnu': [ '1.30.2' ],
16 silly audit   'lightningcss-linux-x64-musl': [ '1.30.2' ],
16 silly audit   'lightningcss-win32-arm64-msvc': [ '1.30.2' ],
16 silly audit   'lightningcss-win32-x64-msvc': [ '1.30.2' ],
16 silly audit   'loose-envify': [ '1.4.0' ],
16 silly audit   'magic-string': [ '0.30.21' ],
16 silly audit   nanoid: [ '3.3.11' ],
16 silly audit   next: [ '13.5.11' ],
16 silly audit   postcss: [ '8.4.31', '8.5.6' ],
16 silly audit   'node-releases': [ '2.0.27' ],
16 silly audit   picocolors: [ '1.1.1' ],
16 silly audit   'postcss-value-parser': [ '4.2.0' ],
16 silly audit   react: [ '18.3.1' ],
16 silly audit   'react-dom': [ '18.3.1' ],
16 silly audit   scheduler: [ '0.23.2' ],
16 silly audit   'source-map-js': [ '1.2.1' ],
16 silly audit   streamsearch: [ '1.1.0' ],
16 silly audit   'styled-jsx': [ '5.1.1' ],
16 silly audit   tailwindcss: [ '4.1.18' ],
16 silly audit   tapable: [ '2.3.0' ],
16 silly audit   tslib: [ '2.8.1' ],
16 silly audit   typescript: [ '5.9.3' ],
16 silly audit   'undici-types': [ '7.16.0' ],
16 silly audit   'update-browserslist-db': [ '1.2.3' ],
16 silly audit   watchpack: [ '2.4.0' ]
16 silly audit }
17 http fetch POST 200 https://registry.npmjs.org/-/npm/v1/security/advisories/bulk 1523ms
18 silly audit report {
18 silly audit report   next: [
18 silly audit report     {
18 silly audit report       id: 1100421,
18 silly audit report       url: 'https://github.com/advisories/GHSA-g77x-44xx-532m',
18 silly audit report       title: 'Denial of Service condition in Next.js image optimization',
18 silly audit report       severity: 'moderate',
18 silly audit report       vulnerable_versions: '>=10.0.0 <14.2.7',
18 silly audit report       cwe: [Array],
18 silly audit report       cvss: [Object]
18 silly audit report     },
18 silly audit report     {
18 silly audit report       id: 1105461,
18 silly audit report       url: 'https://github.com/advisories/GHSA-3h52-269p-cp9r',
18 silly audit report       title: 'Information exposure in Next.js dev server due to lack of origin verification',
18 silly audit report       severity: 'low',
18 silly audit report       vulnerable_versions: '>=13.0 <14.2.30',
18 silly audit report       cwe: [Array],
18 silly audit report       cvss: [Object]
18 silly audit report     },
18 silly audit report     {
18 silly audit report       id: 1111391,
18 silly audit report       url: 'https://github.com/advisories/GHSA-mwv6-3258-q52c',
18 silly audit report       title: 'Next Vulnerable to Denial of Service with Server Components',
18 silly audit report       severity: 'high',
18 silly audit report       vulnerable_versions: '>=13.3.0 <14.2.34',
18 silly audit report       cwe: [Array],
18 silly audit report       cvss: [Object]
18 silly audit report     },
18 silly audit report     {
18 silly audit report       id: 1111461,
18 silly audit report       url: 'https://github.com/advisories/GHSA-5j59-xgg2-r9c4',
18 silly audit report       title: 'Next has a Denial of Service with Server Components - Incomplete Fix Follow-Up',
18 silly audit report       severity: 'high',
18 silly audit report       vulnerable_versions: '>=13.3.1-canary.0 <14.2.35',
18 silly audit report       cwe: [Array],
18 silly audit report       cvss: [Object]
18 silly audit report     },
18 silly audit report     {
18 silly audit report       id: 1107226,
18 silly audit report       url: 'https://github.com/advisories/GHSA-g5qg-72qw-gw5v',
18 silly audit report       title: 'Next.js Affected by Cache Key Confusion for Image Optimization API Routes',
18 silly audit report       severity: 'moderate',
18 silly audit report       vulnerable_versions: '>=0.9.9 <14.2.31',
18 silly audit report       cwe: [Array],
18 silly audit report       cvss: [Object]
18 silly audit report     },
18 silly audit report     {
18 silly audit report       id: 1107420,
18 silly audit report       url: 'https://github.com/advisories/GHSA-7gfc-8cq8-jh5f',
18 silly audit report       title: 'Next.js authorization bypass vulnerability',
18 silly audit report       severity: 'high',
18 silly audit report       vulnerable_versions: '>=9.5.5 <14.2.15',
18 silly audit report       cwe: [Array],
18 silly audit report       cvss: [Object]
18 silly audit report     },
18 silly audit report     {
18 silly audit report       id: 1107512,
18 silly audit report       url: 'https://github.com/advisories/GHSA-4342-x723-ch2f',
18 silly audit report       title: 'Next.js Improper Middleware Redirect Handling Leads to SSRF',
18 silly audit report       severity: 'moderate',
18 silly audit report       vulnerable_versions: '>=0.9.9 <14.2.32',
18 silly audit report       cwe: [Array],
18 silly audit report       cvss: [Object]
18 silly audit report     },
18 silly audit report     {
18 silly audit report       id: 1107513,
18 silly audit report       url: 'https://github.com/advisories/GHSA-xv57-4mr9-wg8v',
18 silly audit report       title: 'Next.js Content Injection Vulnerability for Image Optimization',
18 silly audit report       severity: 'moderate',
18 silly audit report       vulnerable_versions: '>=0.9.9 <14.2.31',
18 silly audit report       cwe: [Array],
18 silly audit report       cvss: [Object]
18 silly audit report     },
18 silly audit report     {
18 silly audit report       id: 1108291,
18 silly audit report       url: 'https://github.com/advisories/GHSA-qpjv-v59x-3qc4',
18 silly audit report       title: 'Next.js Race Condition to Cache Poisoning',
18 silly audit report       severity: 'low',
18 silly audit report       vulnerable_versions: '>=0.9.9 <14.2.24',
18 silly audit report       cwe: [Array],
18 silly audit report       cvss: [Object]
18 silly audit report     },
18 silly audit report     {
18 silly audit report       id: 1097295,
18 silly audit report       url: 'https://github.com/advisories/GHSA-fr5h-rqp8-mj6g',
18 silly audit report       title: 'Next.js Server-Side Request Forgery in Server Actions',
18 silly audit report       severity: 'high',
18 silly audit report       vulnerable_versions: '>=13.4.0 <14.1.1',
18 silly audit report       cwe: [Array],
18 silly audit report       cvss: [Object]
18 silly audit report     }
18 silly audit report   ]
18 silly audit report }
19 silly packumentCache corgi:https://registry.npmjs.org/next cache-miss
20 http fetch GET 200 https://registry.npmjs.org/next 615ms (cache revalidated)
21 silly packumentCache corgi:https://registry.npmjs.org/next set size:23175944 disposed:false
22 verbose cwd /data/data/com.termux/files/home/aidag-site
23 verbose os Linux 6.6.30-android15-8-g6b55ce738535-4k
24 verbose node v24.12.0
25 verbose npm  v11.6.2
26 verbose exit 0
27 info ok
